<?xml version="1.0" encoding="UTF-8"?>
<!-- Generated by org.testng.reporters.JUnitReportReporter -->
<testsuite hostname="ABHISHEK-K-H-96" failures="0" tests="1" name="org.ProvidenceSms.EndToEnd.Grade" time="10.068" errors="0" timestamp="2022-09-14T18:55:24 IST" skipped="0">
  <testcase classname="org.ProvidenceSms.EndToEnd.Grade" name="gradeTest" time="10.068"/>
  <system-out/>
</testsuite> <!-- org.ProvidenceSms.EndToEnd.Grade -->
