<?xml version="1.0" encoding="UTF-8"?>
<!-- Generated by org.testng.reporters.JUnitReportReporter -->
<testsuite hostname="ABHISHEK-K-H-96" failures="0" tests="1" name="org.sdet40.practice.MavenPracticeTest" time="13.302" errors="0" timestamp="2022-09-20T13:10:40 IST" skipped="0">
  <testcase classname="org.sdet40.practice.MavenPracticeTest" name="Step1Test" time="13.302"/>
  <system-out/>
</testsuite> <!-- org.sdet40.practice.MavenPracticeTest -->
